<?xml version="1.0" encoding="UTF-8"?>
<!-- Generated by org.testng.reporters.JUnitReportReporter -->
<testsuite hostname="DESKTOP-7PBHJUN" failures="0" tests="3" name="seleniumpractices.ParellelExecution" time="67.322" errors="0" timestamp="2024-12-19T21:03:08 IST" skipped="0">
  <testcase classname="seleniumpractices.ParellelExecution" name="B" time="23.120"/>
  <system-out/>
  <testcase classname="seleniumpractices.ParellelExecution" name="C" time="23.292"/>
  <system-out>
    <![CDATA[before entering user name
after entering user name
before entering password
after entering password
before clicking submit btn
after clicking submit btn]]>
  </system-out>
  <testcase classname="seleniumpractices.ParellelExecution" name="Z" time="20.910"/>
  <system-out/>
</testsuite> <!-- seleniumpractices.ParellelExecution -->
