<?xml version="1.0" encoding="UTF-8"?>
<!-- Generated by org.testng.reporters.JUnitReportReporter -->
<testsuite hostname="DESKTOP-7PBHJUN" failures="0" tests="1" name="seleniumpractices.TestNgSoftAssertions" time="7.511" errors="0" timestamp="2024-12-18T11:41:04 IST" skipped="0">
  <testcase classname="seleniumpractices.TestNgSoftAssertions" name="verifyValidLogin" time="7.511"/>
  <system-out/>
</testsuite> <!-- seleniumpractices.TestNgSoftAssertions -->
