<?xml version="1.0" encoding="UTF-8"?>
<!-- Generated by org.testng.reporters.JUnitReportReporter -->
<testsuite hostname="DESKTOP-7PBHJUN" failures="0" tests="2" name="com.codemind.newtours.testcases.VerifyValidLogin" time="10.093" errors="0" timestamp="2024-12-20T08:56:39 IST" skipped="0">
  <testcase classname="com.codemind.newtours.testcases.VerifyValidLogin" name="verifyValidLogin" time="6.950"/>
  <system-out/>
  <testcase classname="com.codemind.newtours.testcases.VerifyValidLogin" name="verifyHomePageTitle" time="3.143"/>
  <system-out/>
</testsuite> <!-- com.codemind.newtours.testcases.VerifyValidLogin -->
