<?xml version="1.0" encoding="UTF-8"?>
<!-- Generated by org.testng.reporters.JUnitReportReporter -->
<testsuite hostname="DESKTOP-7PBHJUN" failures="0" tests="1" name="seleniumpractices.TestNgAnnotations" time="0.014" errors="0" timestamp="2024-12-18T11:34:49 IST" skipped="0">
  <testcase classname="seleniumpractices.TestNgAnnotations" name="verifyValidLogin" time="0.014"/>
  <system-out/>
</testsuite> <!-- seleniumpractices.TestNgAnnotations -->
