<?xml version="1.0" encoding="UTF-8"?>
<!-- Generated by org.testng.reporters.JUnitReportReporter -->
<testsuite hostname="DESKTOP-7PBHJUN" failures="0" tests="3" name="seleniumpractices.TestCasesPriority" time="15.203" errors="0" timestamp="2024-12-18T12:01:33 IST" skipped="0">
  <testcase classname="seleniumpractices.TestCasesPriority" name="C" time="5.565"/>
  <system-out>
    <![CDATA[before entering user name
after entering user name
before entering password
after entering password
before clicking submit btn
after clicking submit btn]]>
  </system-out>
  <testcase classname="seleniumpractices.TestCasesPriority" name="Z" time="4.860"/>
  <system-out/>
  <testcase classname="seleniumpractices.TestCasesPriority" name="B" time="4.778"/>
  <system-out/>
</testsuite> <!-- seleniumpractices.TestCasesPriority -->
