<?xml version="1.0" encoding="UTF-8"?>
<!-- Generated by org.testng.reporters.JUnitReportReporter -->
<testsuite hostname="DESKTOP-7PBHJUN" failures="0" tests="3" name="seleniumpractices.DataDrivenTesting" time="20.185" errors="0" timestamp="2024-12-18T11:58:19 IST" skipped="0">
  <testcase classname="seleniumpractices.DataDrivenTesting" name="verifyLoginUsingMultipleUsers" time="8.012"/>
  <system-out/>
  <testcase classname="seleniumpractices.DataDrivenTesting" name="verifyLoginUsingMultipleUsers" time="5.995"/>
  <system-out/>
  <testcase classname="seleniumpractices.DataDrivenTesting" name="verifyLoginUsingMultipleUsers" time="6.178"/>
  <system-out/>
</testsuite> <!-- seleniumpractices.DataDrivenTesting -->
