<?xml version="1.0" encoding="UTF-8"?>
<!-- Generated by org.testng.reporters.JUnitReportReporter -->
<testsuite hostname="DESKTOP-7PBHJUN" failures="0" tests="3" name="seleniumpractices.ParellelExecution" time="21.928" errors="0" timestamp="2024-12-25T11:06:56 IST" skipped="0">
  <testcase classname="seleniumpractices.ParellelExecution" name="Z" time="3.998"/>
  <system-out/>
  <testcase classname="seleniumpractices.ParellelExecution" name="B" time="8.360"/>
  <system-out/>
  <testcase classname="seleniumpractices.ParellelExecution" name="C" time="9.570"/>
  <system-out>
    <![CDATA[before entering user name
after entering user name
before entering password
after entering password
before clicking submit btn
after clicking submit btn]]>
  </system-out>
</testsuite> <!-- seleniumpractices.ParellelExecution -->
