<?xml version="1.0" encoding="UTF-8"?>
<!-- Generated by org.testng.reporters.JUnitReportReporter -->
<testsuite hostname="DESKTOP-7PBHJUN" failures="0" tests="2" name="com.codemind.newtours.testcases.VerifyValidLogin" time="17.080" errors="0" timestamp="2024-12-23T21:09:57 IST" skipped="0">
  <testcase classname="com.codemind.newtours.testcases.VerifyValidLogin" name="verifyValidLogin" time="12.532"/>
  <system-out/>
  <testcase classname="com.codemind.newtours.testcases.VerifyValidLogin" name="verifyHomePageTitle" time="4.548"/>
  <system-out/>
</testsuite> <!-- com.codemind.newtours.testcases.VerifyValidLogin -->
