<?xml version="1.0" encoding="UTF-8"?>
<!-- Generated by org.testng.reporters.JUnitReportReporter -->
<testsuite hostname="DESKTOP-7PBHJUN" failures="0" tests="1" name="seleniumpractices.TestNgSoftAssertions" time="8.296" errors="0" timestamp="2024-12-25T11:08:15 IST" skipped="0">
  <testcase classname="seleniumpractices.TestNgSoftAssertions" name="verifyValidLogin" time="8.296"/>
  <system-out>
    <![CDATA[before entering user name
after entering user name
before entering password
after entering password
before clicking submit btn
after clicking submit btn
before entering user name
after entering user name
before entering password
after entering password
before clicking submit btn
after clicking submit btn]]>
  </system-out>
</testsuite> <!-- seleniumpractices.TestNgSoftAssertions -->
